Detecting C compiler ABI info failed to compile with the following output:
Change Dir: C:/Users/elads/Desktop/לימודים מדמח/שנה ב/סמסטר א/תכנון מערכות/עבודה 3/assignment3/assignment3SPLcpp/cmake-build-debug/CMakeFiles/CMakeTmp

Run Build Command(s):C:/Users/elads/Desktop/לימודים מדמח/שנה ב/סמסטר א/תכנון מערכות/עבודה 3/assignment3/cpp/Boost_Echo_Client/makefile/makefile/makefile -f Makefile cmTC_053f5/fast && The system cannot find the file specified
Generator: execution of make failed. Make command was: C:/Users/elads/Desktop/לימודים מדמח/שנה ב/סמסטר א/תכנון מערכות/עבודה 3/assignment3/cpp/Boost_Echo_Client/makefile/makefile/makefile -f Makefile cmTC_053f5/fast && 



Determining if the C compiler works failed with the following output:
Change Dir: C:/Users/elads/Desktop/לימודים מדמח/שנה ב/סמסטר א/תכנון מערכות/עבודה 3/assignment3/assignment3SPLcpp/cmake-build-debug/CMakeFiles/CMakeTmp

Run Build Command(s):C:/Users/elads/Desktop/לימודים מדמח/שנה ב/סמסטר א/תכנון מערכות/עבודה 3/assignment3/cpp/Boost_Echo_Client/makefile/makefile/makefile -f Makefile cmTC_6928f/fast && The system cannot find the file specified
Generator: execution of make failed. Make command was: C:/Users/elads/Desktop/לימודים מדמח/שנה ב/סמסטר א/תכנון מערכות/עבודה 3/assignment3/cpp/Boost_Echo_Client/makefile/makefile/makefile -f Makefile cmTC_6928f/fast && 


Detecting C compiler ABI info failed to compile with the following output:
Change Dir: C:/Users/elads/Desktop/לימודים מדמח/שנה ב/סמסטר א/תכנון מערכות/עבודה 3/assignment3/assignment3SPLcpp/cmake-build-debug/CMakeFiles/CMakeTmp

Run Build Command(s):C:/Users/elads/Desktop/לימודים מדמח/שנה ב/סמסטר א/תכנון מערכות/עבודה 3/assignment3/cpp/Boost_Echo_Client/makefile/makefile/makefile -f Makefile cmTC_75b3c/fast && The system cannot find the file specified
Generator: execution of make failed. Make command was: C:/Users/elads/Desktop/לימודים מדמח/שנה ב/סמסטר א/תכנון מערכות/עבודה 3/assignment3/cpp/Boost_Echo_Client/makefile/makefile/makefile -f Makefile cmTC_75b3c/fast && 



Determining if the C compiler works failed with the following output:
Change Dir: C:/Users/elads/Desktop/לימודים מדמח/שנה ב/סמסטר א/תכנון מערכות/עבודה 3/assignment3/assignment3SPLcpp/cmake-build-debug/CMakeFiles/CMakeTmp

Run Build Command(s):C:/Users/elads/Desktop/לימודים מדמח/שנה ב/סמסטר א/תכנון מערכות/עבודה 3/assignment3/cpp/Boost_Echo_Client/makefile/makefile/makefile -f Makefile cmTC_0c479/fast && The system cannot find the file specified
Generator: execution of make failed. Make command was: C:/Users/elads/Desktop/לימודים מדמח/שנה ב/סמסטר א/תכנון מערכות/עבודה 3/assignment3/cpp/Boost_Echo_Client/makefile/makefile/makefile -f Makefile cmTC_0c479/fast && 


Detecting C compiler ABI info failed to compile with the following output:
Change Dir: C:/Users/elads/Desktop/לימודים מדמח/שנה ב/סמסטר א/תכנון מערכות/עבודה 3/assignment3/assignment3SPLcpp/cmake-build-debug/CMakeFiles/CMakeTmp

Run Build Command(s):C:/Users/elads/Desktop/לימודים מדמח/שנה ב/סמסטר א/תכנון מערכות/עבודה 3/assignment3/cpp/Boost_Echo_Client/makefile/makefile/makefile -f Makefile cmTC_c77d7/fast && The system cannot find the file specified
Generator: execution of make failed. Make command was: C:/Users/elads/Desktop/לימודים מדמח/שנה ב/סמסטר א/תכנון מערכות/עבודה 3/assignment3/cpp/Boost_Echo_Client/makefile/makefile/makefile -f Makefile cmTC_c77d7/fast && 



Determining if the C compiler works failed with the following output:
Change Dir: C:/Users/elads/Desktop/לימודים מדמח/שנה ב/סמסטר א/תכנון מערכות/עבודה 3/assignment3/assignment3SPLcpp/cmake-build-debug/CMakeFiles/CMakeTmp

Run Build Command(s):C:/Users/elads/Desktop/לימודים מדמח/שנה ב/סמסטר א/תכנון מערכות/עבודה 3/assignment3/cpp/Boost_Echo_Client/makefile/makefile/makefile -f Makefile cmTC_a20ad/fast && The system cannot find the file specified
Generator: execution of make failed. Make command was: C:/Users/elads/Desktop/לימודים מדמח/שנה ב/סמסטר א/תכנון מערכות/עבודה 3/assignment3/cpp/Boost_Echo_Client/makefile/makefile/makefile -f Makefile cmTC_a20ad/fast && 


Detecting C compiler ABI info failed to compile with the following output:
Change Dir: C:/Users/elads/Desktop/לימודים מדמח/שנה ב/סמסטר א/תכנון מערכות/עבודה 3/assignment3/assignment3SPLcpp/cmake-build-debug/CMakeFiles/CMakeTmp

Run Build Command(s):C:/Users/elads/Desktop/לימודים מדמח/שנה ב/סמסטר א/תכנון מערכות/עבודה 3/assignment3/cpp/Boost_Echo_Client/makefile/makefile/makefile -f Makefile cmTC_f9126/fast && The system cannot find the file specified
Generator: execution of make failed. Make command was: C:/Users/elads/Desktop/לימודים מדמח/שנה ב/סמסטר א/תכנון מערכות/עבודה 3/assignment3/cpp/Boost_Echo_Client/makefile/makefile/makefile -f Makefile cmTC_f9126/fast && 



Determining if the C compiler works failed with the following output:
Change Dir: C:/Users/elads/Desktop/לימודים מדמח/שנה ב/סמסטר א/תכנון מערכות/עבודה 3/assignment3/assignment3SPLcpp/cmake-build-debug/CMakeFiles/CMakeTmp

Run Build Command(s):C:/Users/elads/Desktop/לימודים מדמח/שנה ב/סמסטר א/תכנון מערכות/עבודה 3/assignment3/cpp/Boost_Echo_Client/makefile/makefile/makefile -f Makefile cmTC_07bfb/fast && The system cannot find the file specified
Generator: execution of make failed. Make command was: C:/Users/elads/Desktop/לימודים מדמח/שנה ב/סמסטר א/תכנון מערכות/עבודה 3/assignment3/cpp/Boost_Echo_Client/makefile/makefile/makefile -f Makefile cmTC_07bfb/fast && 


Detecting C compiler ABI info failed to compile with the following output:
Change Dir: C:/Users/elads/Desktop/לימודים מדמח/שנה ב/סמסטר א/תכנון מערכות/עבודה 3/assignment3/assignment3SPLcpp/cmake-build-debug/CMakeFiles/CMakeTmp

Run Build Command(s):C:/Users/elads/Desktop/לימודים מדמח/שנה ב/סמסטר א/תכנון מערכות/עבודה 3/assignment3/cpp/Boost_Echo_Client/makefile/makefile/makefile -f Makefile cmTC_1c0b9/fast && The system cannot find the file specified
Generator: execution of make failed. Make command was: C:/Users/elads/Desktop/לימודים מדמח/שנה ב/סמסטר א/תכנון מערכות/עבודה 3/assignment3/cpp/Boost_Echo_Client/makefile/makefile/makefile -f Makefile cmTC_1c0b9/fast && 



Determining if the C compiler works failed with the following output:
Change Dir: C:/Users/elads/Desktop/לימודים מדמח/שנה ב/סמסטר א/תכנון מערכות/עבודה 3/assignment3/assignment3SPLcpp/cmake-build-debug/CMakeFiles/CMakeTmp

Run Build Command(s):C:/Users/elads/Desktop/לימודים מדמח/שנה ב/סמסטר א/תכנון מערכות/עבודה 3/assignment3/cpp/Boost_Echo_Client/makefile/makefile/makefile -f Makefile cmTC_893e7/fast && The system cannot find the file specified
Generator: execution of make failed. Make command was: C:/Users/elads/Desktop/לימודים מדמח/שנה ב/סמסטר א/תכנון מערכות/עבודה 3/assignment3/cpp/Boost_Echo_Client/makefile/makefile/makefile -f Makefile cmTC_893e7/fast && 


Detecting C compiler ABI info failed to compile with the following output:
Change Dir: C:/Users/elads/Desktop/לימודים מדמח/שנה ב/סמסטר א/תכנון מערכות/עבודה 3/assignment3/assignment3SPLcpp/cmake-build-debug/CMakeFiles/CMakeTmp

Run Build Command(s):C:/Users/elads/Desktop/לימודים מדמח/שנה ב/סמסטר א/תכנון מערכות/עבודה 3/assignment3/cpp/Boost_Echo_Client/makefile/makefile/makefile -f Makefile cmTC_fcd76/fast && The system cannot find the file specified
Generator: execution of make failed. Make command was: C:/Users/elads/Desktop/לימודים מדמח/שנה ב/סמסטר א/תכנון מערכות/עבודה 3/assignment3/cpp/Boost_Echo_Client/makefile/makefile/makefile -f Makefile cmTC_fcd76/fast && 



Determining if the C compiler works failed with the following output:
Change Dir: C:/Users/elads/Desktop/לימודים מדמח/שנה ב/סמסטר א/תכנון מערכות/עבודה 3/assignment3/assignment3SPLcpp/cmake-build-debug/CMakeFiles/CMakeTmp

Run Build Command(s):C:/Users/elads/Desktop/לימודים מדמח/שנה ב/סמסטר א/תכנון מערכות/עבודה 3/assignment3/cpp/Boost_Echo_Client/makefile/makefile/makefile -f Makefile cmTC_2b286/fast && The system cannot find the file specified
Generator: execution of make failed. Make command was: C:/Users/elads/Desktop/לימודים מדמח/שנה ב/סמסטר א/תכנון מערכות/עבודה 3/assignment3/cpp/Boost_Echo_Client/makefile/makefile/makefile -f Makefile cmTC_2b286/fast && 


