The system is: Windows - 10.0.19042 - AMD64
Compiling the C compiler identification source file "CMakeCCompilerId.c" succeeded.
Compiler: C:/Users/elads/AppData/Local/JetBrains/Toolbox/apps/CLion/ch-0/213.6461.46/bin/mingw/bin/gcc.exe 
Build flags: 
Id flags:  

The output was:
0


Compilation of the C compiler identification source "CMakeCCompilerId.c" produced "a.exe"

The C compiler identification is GNU, found in "C:/Users/elads/Desktop/לימודים מדמח/שנה ב/סמסטר א/תכנון מערכות/עבודה 3/assignment3/assignment3SPLcpp/cmake-build-debug/CMakeFiles/3.21.1/CompilerIdC/a.exe"

Compiling the CXX compiler identification source file "CMakeCXXCompilerId.cpp" succeeded.
Compiler: C:/Users/elads/AppData/Local/JetBrains/Toolbox/apps/CLion/ch-0/213.6461.46/bin/mingw/bin/g++.exe 
Build flags: 
Id flags:  

The output was:
0


Compilation of the CXX compiler identification source "CMakeCXXCompilerId.cpp" produced "a.exe"

The CXX compiler identification is GNU, found in "C:/Users/elads/Desktop/לימודים מדמח/שנה ב/סמסטר א/תכנון מערכות/עבודה 3/assignment3/assignment3SPLcpp/cmake-build-debug/CMakeFiles/3.21.1/CompilerIdCXX/a.exe"

Compiling the C compiler identification source file "CMakeCCompilerId.c" succeeded.
Compiler: C:/Users/elads/AppData/Local/JetBrains/Toolbox/apps/CLion/ch-0/213.6461.46/bin/mingw/bin/gcc.exe 
Build flags: 
Id flags:  

The output was:
0


Compilation of the C compiler identification source "CMakeCCompilerId.c" produced "a.exe"

The C compiler identification is GNU, found in "C:/Users/elads/Desktop/לימודים מדמח/שנה ב/סמסטר א/תכנון מערכות/עבודה 3/assignment3/assignment3SPLcpp/cmake-build-debug/CMakeFiles/3.21.1/CompilerIdC/a.exe"

Compiling the CXX compiler identification source file "CMakeCXXCompilerId.cpp" succeeded.
Compiler: C:/Users/elads/AppData/Local/JetBrains/Toolbox/apps/CLion/ch-0/213.6461.46/bin/mingw/bin/g++.exe 
Build flags: 
Id flags:  

The output was:
0


Compilation of the CXX compiler identification source "CMakeCXXCompilerId.cpp" produced "a.exe"

The CXX compiler identification is GNU, found in "C:/Users/elads/Desktop/לימודים מדמח/שנה ב/סמסטר א/תכנון מערכות/עבודה 3/assignment3/assignment3SPLcpp/cmake-build-debug/CMakeFiles/3.21.1/CompilerIdCXX/a.exe"

Compiling the C compiler identification source file "CMakeCCompilerId.c" succeeded.
Compiler: C:/Users/elads/AppData/Local/JetBrains/Toolbox/apps/CLion/ch-0/213.6461.46/bin/mingw/bin/gcc.exe 
Build flags: 
Id flags:  

The output was:
0


Compilation of the C compiler identification source "CMakeCCompilerId.c" produced "a.exe"

The C compiler identification is GNU, found in "C:/Users/elads/Desktop/לימודים מדמח/שנה ב/סמסטר א/תכנון מערכות/עבודה 3/assignment3/assignment3SPLcpp/cmake-build-debug/CMakeFiles/3.21.1/CompilerIdC/a.exe"

Compiling the CXX compiler identification source file "CMakeCXXCompilerId.cpp" succeeded.
Compiler: C:/Users/elads/AppData/Local/JetBrains/Toolbox/apps/CLion/ch-0/213.6461.46/bin/mingw/bin/g++.exe 
Build flags: 
Id flags:  

The output was:
0


Compilation of the CXX compiler identification source "CMakeCXXCompilerId.cpp" produced "a.exe"

The CXX compiler identification is GNU, found in "C:/Users/elads/Desktop/לימודים מדמח/שנה ב/סמסטר א/תכנון מערכות/עבודה 3/assignment3/assignment3SPLcpp/cmake-build-debug/CMakeFiles/3.21.1/CompilerIdCXX/a.exe"

Compiling the C compiler identification source file "CMakeCCompilerId.c" succeeded.
Compiler: C:/Users/elads/AppData/Local/JetBrains/Toolbox/apps/CLion/ch-0/213.6461.46/bin/mingw/bin/gcc.exe 
Build flags: 
Id flags:  

The output was:
0


Compilation of the C compiler identification source "CMakeCCompilerId.c" produced "a.exe"

The C compiler identification is GNU, found in "C:/Users/elads/Desktop/לימודים מדמח/שנה ב/סמסטר א/תכנון מערכות/עבודה 3/assignment3/assignment3SPLcpp/cmake-build-debug/CMakeFiles/3.21.1/CompilerIdC/a.exe"

Compiling the CXX compiler identification source file "CMakeCXXCompilerId.cpp" succeeded.
Compiler: C:/Users/elads/AppData/Local/JetBrains/Toolbox/apps/CLion/ch-0/213.6461.46/bin/mingw/bin/g++.exe 
Build flags: 
Id flags:  

The output was:
0


Compilation of the CXX compiler identification source "CMakeCXXCompilerId.cpp" produced "a.exe"

The CXX compiler identification is GNU, found in "C:/Users/elads/Desktop/לימודים מדמח/שנה ב/סמסטר א/תכנון מערכות/עבודה 3/assignment3/assignment3SPLcpp/cmake-build-debug/CMakeFiles/3.21.1/CompilerIdCXX/a.exe"

Compiling the C compiler identification source file "CMakeCCompilerId.c" succeeded.
Compiler: C:/Users/elads/AppData/Local/JetBrains/Toolbox/apps/CLion/ch-0/213.6461.46/bin/mingw/bin/gcc.exe 
Build flags: 
Id flags:  

The output was:
0


Compilation of the C compiler identification source "CMakeCCompilerId.c" produced "a.exe"

The C compiler identification is GNU, found in "C:/Users/elads/Desktop/לימודים מדמח/שנה ב/סמסטר א/תכנון מערכות/עבודה 3/assignment3/assignment3SPLcpp/cmake-build-debug/CMakeFiles/3.21.1/CompilerIdC/a.exe"

Compiling the CXX compiler identification source file "CMakeCXXCompilerId.cpp" succeeded.
Compiler: C:/Users/elads/AppData/Local/JetBrains/Toolbox/apps/CLion/ch-0/213.6461.46/bin/mingw/bin/g++.exe 
Build flags: 
Id flags:  

The output was:
0


Compilation of the CXX compiler identification source "CMakeCXXCompilerId.cpp" produced "a.exe"

The CXX compiler identification is GNU, found in "C:/Users/elads/Desktop/לימודים מדמח/שנה ב/סמסטר א/תכנון מערכות/עבודה 3/assignment3/assignment3SPLcpp/cmake-build-debug/CMakeFiles/3.21.1/CompilerIdCXX/a.exe"

Compiling the C compiler identification source file "CMakeCCompilerId.c" succeeded.
Compiler: C:/Users/elads/AppData/Local/JetBrains/Toolbox/apps/CLion/ch-0/213.6461.46/bin/mingw/bin/gcc.exe 
Build flags: 
Id flags:  

The output was:
0


Compilation of the C compiler identification source "CMakeCCompilerId.c" produced "a.exe"

The C compiler identification is GNU, found in "C:/Users/elads/Desktop/לימודים מדמח/שנה ב/סמסטר א/תכנון מערכות/עבודה 3/assignment3/assignment3SPLcpp/cmake-build-debug/CMakeFiles/3.21.1/CompilerIdC/a.exe"

Compiling the CXX compiler identification source file "CMakeCXXCompilerId.cpp" succeeded.
Compiler: C:/Users/elads/AppData/Local/JetBrains/Toolbox/apps/CLion/ch-0/213.6461.46/bin/mingw/bin/g++.exe 
Build flags: 
Id flags:  

The output was:
0


Compilation of the CXX compiler identification source "CMakeCXXCompilerId.cpp" produced "a.exe"

The CXX compiler identification is GNU, found in "C:/Users/elads/Desktop/לימודים מדמח/שנה ב/סמסטר א/תכנון מערכות/עבודה 3/assignment3/assignment3SPLcpp/cmake-build-debug/CMakeFiles/3.21.1/CompilerIdCXX/a.exe"

